0 info it worked if it ends with ok
1 verbose cli [ 'node', '/usr/local/bin/npm', 'start' ]
2 info using npm@2.9.1
3 info using node@v0.12.1
4 verbose run-script [ 'prestart', 'start', 'poststart' ]
5 info prestart Thesis@0.0.1
6 info start Thesis@0.0.1
7 verbose unsafe-perm in lifecycle true
8 info Thesis@0.0.1 Failed to exec start script
9 verbose stack Error: Thesis@0.0.1 start: `watchify -dv -t aliasify -t brfs -t [ envify ]-e main.js -o ../_site/build.js`
9 verbose stack Exit status 1
9 verbose stack     at EventEmitter.<anonymous> (/usr/local/lib/node_modules/npm/lib/utils/lifecycle.js:213:16)
9 verbose stack     at EventEmitter.emit (events.js:110:17)
9 verbose stack     at ChildProcess.<anonymous> (/usr/local/lib/node_modules/npm/lib/utils/spawn.js:24:14)
9 verbose stack     at ChildProcess.emit (events.js:110:17)
9 verbose stack     at maybeClose (child_process.js:1008:16)
9 verbose stack     at Process.ChildProcess._handle.onexit (child_process.js:1080:5)
10 verbose pkgid Thesis@0.0.1
11 verbose cwd /Volumes/Storage/andrea/web/thesis/src
12 error Darwin 13.4.0
13 error argv "node" "/usr/local/bin/npm" "start"
14 error node v0.12.1
15 error npm  v2.9.1
16 error code ELIFECYCLE
17 error Thesis@0.0.1 start: `watchify -dv -t aliasify -t brfs -t [ envify ]-e main.js -o ../_site/build.js`
17 error Exit status 1
18 error Failed at the Thesis@0.0.1 start script 'watchify -dv -t aliasify -t brfs -t [ envify ]-e main.js -o ../_site/build.js'.
18 error This is most likely a problem with the Thesis package,
18 error not with npm itself.
18 error Tell the author that this fails on your system:
18 error     watchify -dv -t aliasify -t brfs -t [ envify ]-e main.js -o ../_site/build.js
18 error You can get their info via:
18 error     npm owner ls Thesis
18 error There is likely additional logging output above.
19 verbose exit [ 1, true ]
